<?xml version="1.0" encoding="UTF-8"?>
<robot generator="Robot 6.0.2 (Python 3.10.0 on win32)" generated="20230314 01:06:15.435" rpa="false" schemaversion="3">
<suite id="s1" name="testDemo6" source="C:\Users\panda\PycharmProjects\Robot Framework New\tests\testDemo6.robot">
<test id="s1-t1" name="Validate cards display in the shopping page" line="25">
<kw name="open the browser with mortgage payment url" library="Generic" type="SETUP">
<kw name="Open Browser" library="SeleniumLibrary">
<arg>${url}</arg>
<arg>chrome</arg>
<doc>Opens a new browser instance to the optional ``url``.</doc>
<msg timestamp="20230314 01:06:15.646" level="INFO">Opening browser 'chrome' to base url 'https://rahulshettyacademy.com/loginpagePractise/'.</msg>
<status status="PASS" starttime="20230314 01:06:15.646" endtime="20230314 01:06:17.433"/>
</kw>
<status status="PASS" starttime="20230314 01:06:15.646" endtime="20230314 01:06:17.433"/>
</kw>
<kw name="Fill the login Form" library="LandingPage">
<arg>${user_name}</arg>
<arg>${valid_password}</arg>
<kw name="Input Text" library="SeleniumLibrary">
<arg>id:username</arg>
<arg>${username}</arg>
<doc>Types the given ``text`` into the text field identified by ``locator``.</doc>
<msg timestamp="20230314 01:06:17.436" level="INFO">Typing text 'rahulshettyacademy' into text field 'id:username'.</msg>
<status status="PASS" starttime="20230314 01:06:17.434" endtime="20230314 01:06:17.647"/>
</kw>
<kw name="Input Password" library="SeleniumLibrary">
<arg>id:password</arg>
<arg>${password}</arg>
<doc>Types the given password into the text field identified by ``locator``.</doc>
<msg timestamp="20230314 01:06:17.649" level="INFO">Typing password into text field 'id:password'.</msg>
<msg timestamp="20230314 01:06:17.702" level="INFO">Temporally setting log level to: NONE</msg>
<msg timestamp="20230314 01:06:17.740" level="INFO">Log level changed from NONE to INFO.</msg>
<status status="PASS" starttime="20230314 01:06:17.648" endtime="20230314 01:06:17.740"/>
</kw>
<kw name="Click Button" library="SeleniumLibrary">
<arg>id:signInBtn</arg>
<doc>Clicks the button identified by ``locator``.</doc>
<msg timestamp="20230314 01:06:17.741" level="INFO">Clicking button 'id:signInBtn'.</msg>
<status status="PASS" starttime="20230314 01:06:17.740" endtime="20230314 01:06:17.834"/>
</kw>
<status status="PASS" starttime="20230314 01:06:17.434" endtime="20230314 01:06:17.834"/>
</kw>
<kw name="wait until element is located in the page" library="ShopPage">
<kw name="wait until element passed is located on page" library="Generic">
<arg>${shop_page_load}</arg>
<kw name="Wait Until Element Is Visible" library="SeleniumLibrary">
<arg>${page_locator}</arg>
<doc>Waits until the element ``locator`` is visible.</doc>
<status status="PASS" starttime="20230314 01:06:17.836" endtime="20230314 01:06:20.648"/>
</kw>
<status status="PASS" starttime="20230314 01:06:17.835" endtime="20230314 01:06:20.649"/>
</kw>
<status status="PASS" starttime="20230314 01:06:17.834" endtime="20230314 01:06:20.649"/>
</kw>
<kw name="varify card titles in the shop page" library="ShopPage">
<kw name="Create List" library="BuiltIn">
<var>@{expectedlist}</var>
<arg>iphone X</arg>
<arg>Samsung Note 8</arg>
<arg>Nokia Edge</arg>
<arg>Blackberry</arg>
<doc>Returns a list containing given items.</doc>
<msg timestamp="20230314 01:06:20.649" level="INFO">@{expectedlist} = [ iphone X | Samsung Note 8 | Nokia Edge | Blackberry ]</msg>
<status status="PASS" starttime="20230314 01:06:20.649" endtime="20230314 01:06:20.649"/>
</kw>
<kw name="Get WebElements" library="SeleniumLibrary">
<var>${elements}</var>
<arg>css:.card-title</arg>
<doc>Returns a list of WebElement objects matching the ``locator``.</doc>
<msg timestamp="20230314 01:06:20.658" level="INFO">${elements} = [&lt;selenium.webdriver.remote.webelement.WebElement (session="7147760c88bc049e55cd44a1362202c6", element="c6552999-86d2-4774-b100-c12aaff6f4c3")&gt;, &lt;selenium.webdriver.remote.webelement.WebElement (sessi...</msg>
<status status="PASS" starttime="20230314 01:06:20.650" endtime="20230314 01:06:20.658"/>
</kw>
<kw name="Create List" library="BuiltIn">
<var>@{actuallist}</var>
<doc>Returns a list containing given items.</doc>
<msg timestamp="20230314 01:06:20.658" level="INFO">@{actuallist} = [ ]</msg>
<status status="PASS" starttime="20230314 01:06:20.658" endtime="20230314 01:06:20.658"/>
</kw>
<for flavor="IN">
<var>${element}</var>
<value>@{elements}</value>
<iter>
<var name="${element}">&lt;selenium.webdriver.remote.webelement.WebElement (session="7147760c88bc049e55cd44a1362202c6", element="c6552999-86d2-4774-b100-c12aaff6f4c3")&gt;</var>
<kw name="Log" library="BuiltIn">
<arg>${element.text}</arg>
<doc>Logs the given message with the given level.</doc>
<msg timestamp="20230314 01:06:20.668" level="INFO">iphone X</msg>
<status status="PASS" starttime="20230314 01:06:20.659" endtime="20230314 01:06:20.668"/>
</kw>
<kw name="Append To List" library="Collections">
<arg>${actuallist}</arg>
<arg>${element.text}</arg>
<doc>Adds ``values`` to the end of ``list``.</doc>
<status status="PASS" starttime="20230314 01:06:20.668" endtime="20230314 01:06:20.675"/>
</kw>
<status status="PASS" starttime="20230314 01:06:20.659" endtime="20230314 01:06:20.675"/>
</iter>
<iter>
<var name="${element}">&lt;selenium.webdriver.remote.webelement.WebElement (session="7147760c88bc049e55cd44a1362202c6", element="06dfa672-017e-441d-9948-1a77173669f8")&gt;</var>
<kw name="Log" library="BuiltIn">
<arg>${element.text}</arg>
<doc>Logs the given message with the given level.</doc>
<msg timestamp="20230314 01:06:20.685" level="INFO">Samsung Note 8</msg>
<status status="PASS" starttime="20230314 01:06:20.676" endtime="20230314 01:06:20.685"/>
</kw>
<kw name="Append To List" library="Collections">
<arg>${actuallist}</arg>
<arg>${element.text}</arg>
<doc>Adds ``values`` to the end of ``list``.</doc>
<status status="PASS" starttime="20230314 01:06:20.685" endtime="20230314 01:06:20.691"/>
</kw>
<status status="PASS" starttime="20230314 01:06:20.675" endtime="20230314 01:06:20.691"/>
</iter>
<iter>
<var name="${element}">&lt;selenium.webdriver.remote.webelement.WebElement (session="7147760c88bc049e55cd44a1362202c6", element="cdad13ce-dfbf-4e0c-918e-5312cfbacc20")&gt;</var>
<kw name="Log" library="BuiltIn">
<arg>${element.text}</arg>
<doc>Logs the given message with the given level.</doc>
<msg timestamp="20230314 01:06:20.702" level="INFO">Nokia Edge</msg>
<status status="PASS" starttime="20230314 01:06:20.691" endtime="20230314 01:06:20.702"/>
</kw>
<kw name="Append To List" library="Collections">
<arg>${actuallist}</arg>
<arg>${element.text}</arg>
<doc>Adds ``values`` to the end of ``list``.</doc>
<status status="PASS" starttime="20230314 01:06:20.702" endtime="20230314 01:06:20.709"/>
</kw>
<status status="PASS" starttime="20230314 01:06:20.691" endtime="20230314 01:06:20.709"/>
</iter>
<iter>
<var name="${element}">&lt;selenium.webdriver.remote.webelement.WebElement (session="7147760c88bc049e55cd44a1362202c6", element="5f3b1044-ef3d-4fa1-bbee-6e00c1967bf8")&gt;</var>
<kw name="Log" library="BuiltIn">
<arg>${element.text}</arg>
<doc>Logs the given message with the given level.</doc>
<msg timestamp="20230314 01:06:20.720" level="INFO">Blackberry</msg>
<status status="PASS" starttime="20230314 01:06:20.709" endtime="20230314 01:06:20.720"/>
</kw>
<kw name="Append To List" library="Collections">
<arg>${actuallist}</arg>
<arg>${element.text}</arg>
<doc>Adds ``values`` to the end of ``list``.</doc>
<status status="PASS" starttime="20230314 01:06:20.721" endtime="20230314 01:06:20.728"/>
</kw>
<status status="PASS" starttime="20230314 01:06:20.709" endtime="20230314 01:06:20.728"/>
</iter>
<status status="PASS" starttime="20230314 01:06:20.658" endtime="20230314 01:06:20.728"/>
</for>
<kw name="Lists Should Be Equal" library="Collections">
<arg>${expectedlist}</arg>
<arg>${actuallist}</arg>
<doc>Fails if given lists are unequal.</doc>
<status status="PASS" starttime="20230314 01:06:20.728" endtime="20230314 01:06:20.729"/>
</kw>
<status status="PASS" starttime="20230314 01:06:20.649" endtime="20230314 01:06:20.729"/>
</kw>
<kw name="Add Items To Cart And Checkout" library="Shop">
<arg>${listofproducts}</arg>
<msg timestamp="20230314 01:06:20.748" level="INFO">Clicking button 'xpath:(//*[@class='card-footer'])[3]/button'.</msg>
<msg timestamp="20230314 01:06:20.800" level="INFO">Clicking button 'xpath:(//*[@class='card-footer'])[4]/button'.</msg>
<msg timestamp="20230314 01:06:20.838" level="INFO">Clicking link 'css:li.active a'.</msg>
<status status="PASS" starttime="20230314 01:06:20.729" endtime="20230314 01:06:20.877"/>
</kw>
<kw name="verify items in the checkout page and proceed" library="CheckoutPage">
<kw name="Click Element" library="SeleniumLibrary">
<arg>css:.btn-success</arg>
<doc>Click the element identified by ``locator``.</doc>
<msg timestamp="20230314 01:06:20.879" level="INFO">Clicking element 'css:.btn-success'.</msg>
<status status="PASS" starttime="20230314 01:06:20.877" endtime="20230314 01:06:20.919"/>
</kw>
<status status="PASS" starttime="20230314 01:06:20.877" endtime="20230314 01:06:20.919"/>
</kw>
<kw name="Enter the Country and select the terms" library="ConformationPage">
<arg>${country_name}</arg>
<kw name="Input Text" library="SeleniumLibrary">
<arg>country</arg>
<arg>${country_name}</arg>
<doc>Types the given ``text`` into the text field identified by ``locator``.</doc>
<msg timestamp="20230314 01:06:20.920" level="INFO">Typing text 'India' into text field 'country'.</msg>
<status status="PASS" starttime="20230314 01:06:20.920" endtime="20230314 01:06:21.005"/>
</kw>
<kw name="Sleep" library="BuiltIn">
<arg>2</arg>
<doc>Pauses the test executed for the given time.</doc>
<msg timestamp="20230314 01:06:23.010" level="INFO">Slept 2 seconds</msg>
<status status="PASS" starttime="20230314 01:06:21.006" endtime="20230314 01:06:23.010"/>
</kw>
<kw name="wait until element passed is located on page" library="Generic">
<arg>xpath://a[contains(text(),'${country_name}')]</arg>
<kw name="Wait Until Element Is Visible" library="SeleniumLibrary">
<arg>${page_locator}</arg>
<doc>Waits until the element ``locator`` is visible.</doc>
<status status="PASS" starttime="20230314 01:06:23.011" endtime="20230314 01:06:26.073"/>
</kw>
<status status="PASS" starttime="20230314 01:06:23.010" endtime="20230314 01:06:26.073"/>
</kw>
<kw name="Click Element" library="SeleniumLibrary">
<arg>xpath://a[contains(text(),'${country_name}')]</arg>
<doc>Click the element identified by ``locator``.</doc>
<msg timestamp="20230314 01:06:26.074" level="INFO">Clicking element 'xpath://a[contains(text(),'India')]'.</msg>
<status status="PASS" starttime="20230314 01:06:26.073" endtime="20230314 01:06:26.106"/>
</kw>
<kw name="Sleep" library="BuiltIn">
<arg>2</arg>
<doc>Pauses the test executed for the given time.</doc>
<msg timestamp="20230314 01:06:28.121" level="INFO">Slept 2 seconds</msg>
<status status="PASS" starttime="20230314 01:06:26.107" endtime="20230314 01:06:28.121"/>
</kw>
<kw name="Click Element" library="SeleniumLibrary">
<arg>css:.checkbox label</arg>
<doc>Click the element identified by ``locator``.</doc>
<msg timestamp="20230314 01:06:28.123" level="INFO">Clicking element 'css:.checkbox label'.</msg>
<status status="PASS" starttime="20230314 01:06:28.121" endtime="20230314 01:06:28.164"/>
</kw>
<status status="PASS" starttime="20230314 01:06:20.919" endtime="20230314 01:06:28.164"/>
</kw>
<kw name="purchase the product and confirm the purchase" library="ConformationPage">
<kw name="Click Button" library="SeleniumLibrary">
<arg>css:.btn-success</arg>
<doc>Clicks the button identified by ``locator``.</doc>
<msg timestamp="20230314 01:06:28.165" level="INFO">Clicking button 'css:.btn-success'.</msg>
<status status="PASS" starttime="20230314 01:06:28.165" endtime="20230314 01:06:28.207"/>
</kw>
<kw name="Page Should Contain" library="SeleniumLibrary">
<arg>Success!</arg>
<doc>Verifies that current page contains ``text``.</doc>
<msg timestamp="20230314 01:06:28.223" level="INFO">Current page contains text 'Success!'.</msg>
<status status="PASS" starttime="20230314 01:06:28.207" endtime="20230314 01:06:28.224"/>
</kw>
<status status="PASS" starttime="20230314 01:06:28.165" endtime="20230314 01:06:28.224"/>
</kw>
<kw name="close browser session" library="Generic" type="TEARDOWN">
<kw name="Close Browser" library="SeleniumLibrary">
<doc>Closes the current browser.</doc>
<status status="PASS" starttime="20230314 01:06:28.224" endtime="20230314 01:06:30.340"/>
</kw>
<status status="PASS" starttime="20230314 01:06:28.224" endtime="20230314 01:06:30.341"/>
</kw>
<status status="PASS" starttime="20230314 01:06:15.645" endtime="20230314 01:06:30.342"/>
</test>
<doc>To validate the login form</doc>
<status status="PASS" starttime="20230314 01:06:15.446" endtime="20230314 01:06:30.343"/>
</suite>
<statistics>
<total>
<stat pass="1" fail="0" skip="0">All Tests</stat>
</total>
<tag>
</tag>
<suite>
<stat pass="1" fail="0" skip="0" id="s1" name="testDemo6">testDemo6</stat>
</suite>
</statistics>
<errors>
</errors>
</robot>
