<?xml version="1.0" encoding="UTF-8"?>
<robot generator="Robot 6.0.2 (Python 3.10.0 on win32)" generated="20230314 01:06:15.436" rpa="false" schemaversion="3">
<suite id="s1" name="testDemo6" source="C:\Users\panda\PycharmProjects\Robot Framework New\tests\testDemo6.robot">
<test id="s1-t1" name="Validate Unsuccessful Login" line="20">
<kw name="open the browser with mortgage payment url" library="Generic" type="SETUP">
<kw name="Open Browser" library="SeleniumLibrary">
<arg>${url}</arg>
<arg>chrome</arg>
<doc>Opens a new browser instance to the optional ``url``.</doc>
<msg timestamp="20230314 01:06:15.647" level="INFO">Opening browser 'chrome' to base url 'https://rahulshettyacademy.com/loginpagePractise/'.</msg>
<status status="PASS" starttime="20230314 01:06:15.646" endtime="20230314 01:06:17.440"/>
</kw>
<status status="PASS" starttime="20230314 01:06:15.646" endtime="20230314 01:06:17.440"/>
</kw>
<kw name="Fill the login Form" library="LandingPage">
<arg>${user_name}</arg>
<arg>${invalid_password}</arg>
<kw name="Input Text" library="SeleniumLibrary">
<arg>id:username</arg>
<arg>${username}</arg>
<doc>Types the given ``text`` into the text field identified by ``locator``.</doc>
<msg timestamp="20230314 01:06:17.443" level="INFO">Typing text 'rahulshettyacademy' into text field 'id:username'.</msg>
<status status="PASS" starttime="20230314 01:06:17.442" endtime="20230314 01:06:17.660"/>
</kw>
<kw name="Input Password" library="SeleniumLibrary">
<arg>id:password</arg>
<arg>${password}</arg>
<doc>Types the given password into the text field identified by ``locator``.</doc>
<msg timestamp="20230314 01:06:17.663" level="INFO">Typing password into text field 'id:password'.</msg>
<msg timestamp="20230314 01:06:17.704" level="INFO">Temporally setting log level to: NONE</msg>
<msg timestamp="20230314 01:06:17.739" level="INFO">Log level changed from NONE to INFO.</msg>
<status status="PASS" starttime="20230314 01:06:17.662" endtime="20230314 01:06:17.739"/>
</kw>
<kw name="Click Button" library="SeleniumLibrary">
<arg>id:signInBtn</arg>
<doc>Clicks the button identified by ``locator``.</doc>
<msg timestamp="20230314 01:06:17.739" level="INFO">Clicking button 'id:signInBtn'.</msg>
<status status="PASS" starttime="20230314 01:06:17.739" endtime="20230314 01:06:17.831"/>
</kw>
<status status="PASS" starttime="20230314 01:06:17.441" endtime="20230314 01:06:17.831"/>
</kw>
<kw name="wait until element is located in the page" library="LandingPage">
<kw name="wait until element passed is located on page" library="Generic">
<arg>${Error_Message_Login}</arg>
<kw name="Wait Until Element Is Visible" library="SeleniumLibrary">
<arg>${page_locator}</arg>
<doc>Waits until the element ``locator`` is visible.</doc>
<status status="PASS" starttime="20230314 01:06:17.834" endtime="20230314 01:06:19.862"/>
</kw>
<status status="PASS" starttime="20230314 01:06:17.832" endtime="20230314 01:06:19.863"/>
</kw>
<status status="PASS" starttime="20230314 01:06:17.832" endtime="20230314 01:06:19.864"/>
</kw>
<kw name="verify error message is correct" library="LandingPage">
<kw name="Get Text" library="SeleniumLibrary">
<var>${result}</var>
<arg>${Error_Message_Login}</arg>
<doc>Returns the text value of the element identified by ``locator``.</doc>
<msg timestamp="20230314 01:06:19.889" level="INFO">${result} = Incorrect username/password.</msg>
<status status="PASS" starttime="20230314 01:06:19.865" endtime="20230314 01:06:19.889"/>
</kw>
<kw name="Should Be Equal As Strings" library="BuiltIn">
<arg>${result}</arg>
<arg>Incorrect username/password.</arg>
<doc>Fails if objects are unequal after converting them to strings.</doc>
<status status="PASS" starttime="20230314 01:06:19.889" endtime="20230314 01:06:19.889"/>
</kw>
<status status="PASS" starttime="20230314 01:06:19.864" endtime="20230314 01:06:19.889"/>
</kw>
<kw name="close browser session" library="Generic" type="TEARDOWN">
<kw name="Close Browser" library="SeleniumLibrary">
<doc>Closes the current browser.</doc>
<status status="PASS" starttime="20230314 01:06:19.890" endtime="20230314 01:06:22.013"/>
</kw>
<status status="PASS" starttime="20230314 01:06:19.890" endtime="20230314 01:06:22.013"/>
</kw>
<status status="PASS" starttime="20230314 01:06:15.645" endtime="20230314 01:06:22.013"/>
</test>
<doc>To validate the login form</doc>
<status status="PASS" starttime="20230314 01:06:15.445" endtime="20230314 01:06:22.013"/>
</suite>
<statistics>
<total>
<stat pass="1" fail="0" skip="0">All Tests</stat>
</total>
<tag>
</tag>
<suite>
<stat pass="1" fail="0" skip="0" id="s1" name="testDemo6">testDemo6</stat>
</suite>
</statistics>
<errors>
</errors>
</robot>
